0 info it worked if it ends with ok
1 verbose cli [ '/usr/bin/node', '/usr/bin/npm', 'install' ]
2 info using npm@1.4.28
3 info using node@v0.10.32
4 verbose node symlink /usr/bin/node
5 warn package.json loki-api@ No description
6 warn package.json loki-api@ No repository field.
7 warn package.json loki-api@ No README data
8 verbose readDependencies using package.json deps
9 verbose install where, deps [ '/home/muneer/code/savethehacker/lokiapp',
9 verbose install   [ 'express', 'mongoose', 'body-parser' ] ]
10 info preinstall loki-api@
11 verbose readDependencies using package.json deps
12 verbose cache add [ 'express@~4.0.0', null ]
13 verbose cache add name=undefined spec="express@~4.0.0" args=["express@~4.0.0",null]
14 verbose parsed url { protocol: null,
14 verbose parsed url   slashes: null,
14 verbose parsed url   auth: null,
14 verbose parsed url   host: null,
14 verbose parsed url   port: null,
14 verbose parsed url   hostname: null,
14 verbose parsed url   hash: null,
14 verbose parsed url   search: null,
14 verbose parsed url   query: null,
14 verbose parsed url   pathname: 'express@~4.0.0',
14 verbose parsed url   path: 'express@~4.0.0',
14 verbose parsed url   href: 'express@~4.0.0' }
15 verbose cache add [ 'mongoose@~3.6.13', null ]
16 verbose cache add name=undefined spec="mongoose@~3.6.13" args=["mongoose@~3.6.13",null]
17 verbose parsed url { protocol: null,
17 verbose parsed url   slashes: null,
17 verbose parsed url   auth: null,
17 verbose parsed url   host: null,
17 verbose parsed url   port: null,
17 verbose parsed url   hostname: null,
17 verbose parsed url   hash: null,
17 verbose parsed url   search: null,
17 verbose parsed url   query: null,
17 verbose parsed url   pathname: 'mongoose@~3.6.13',
17 verbose parsed url   path: 'mongoose@~3.6.13',
17 verbose parsed url   href: 'mongoose@~3.6.13' }
18 verbose cache add [ 'body-parser@~1.0.1', null ]
19 verbose cache add name=undefined spec="body-parser@~1.0.1" args=["body-parser@~1.0.1",null]
20 verbose parsed url { protocol: null,
20 verbose parsed url   slashes: null,
20 verbose parsed url   auth: null,
20 verbose parsed url   host: null,
20 verbose parsed url   port: null,
20 verbose parsed url   hostname: null,
20 verbose parsed url   hash: null,
20 verbose parsed url   search: null,
20 verbose parsed url   query: null,
20 verbose parsed url   pathname: 'body-parser@~1.0.1',
20 verbose parsed url   path: 'body-parser@~1.0.1',
20 verbose parsed url   href: 'body-parser@~1.0.1' }
21 verbose cache add name="express" spec="~4.0.0" args=["express","~4.0.0"]
22 verbose parsed url { protocol: null,
22 verbose parsed url   slashes: null,
22 verbose parsed url   auth: null,
22 verbose parsed url   host: null,
22 verbose parsed url   port: null,
22 verbose parsed url   hostname: null,
22 verbose parsed url   hash: null,
22 verbose parsed url   search: null,
22 verbose parsed url   query: null,
22 verbose parsed url   pathname: '~4.0.0',
22 verbose parsed url   path: '~4.0.0',
22 verbose parsed url   href: '~4.0.0' }
23 verbose addNamed [ 'express', '~4.0.0' ]
24 verbose addNamed [ null, '>=4.0.0-0 <4.1.0-0' ]
25 verbose cache add name="mongoose" spec="~3.6.13" args=["mongoose","~3.6.13"]
26 verbose parsed url { protocol: null,
26 verbose parsed url   slashes: null,
26 verbose parsed url   auth: null,
26 verbose parsed url   host: null,
26 verbose parsed url   port: null,
26 verbose parsed url   hostname: null,
26 verbose parsed url   hash: null,
26 verbose parsed url   search: null,
26 verbose parsed url   query: null,
26 verbose parsed url   pathname: '~3.6.13',
26 verbose parsed url   path: '~3.6.13',
26 verbose parsed url   href: '~3.6.13' }
27 verbose addNamed [ 'mongoose', '~3.6.13' ]
28 verbose addNamed [ null, '>=3.6.13-0 <3.7.0-0' ]
29 verbose cache add name="body-parser" spec="~1.0.1" args=["body-parser","~1.0.1"]
30 verbose parsed url { protocol: null,
30 verbose parsed url   slashes: null,
30 verbose parsed url   auth: null,
30 verbose parsed url   host: null,
30 verbose parsed url   port: null,
30 verbose parsed url   hostname: null,
30 verbose parsed url   hash: null,
30 verbose parsed url   search: null,
30 verbose parsed url   query: null,
30 verbose parsed url   pathname: '~1.0.1',
30 verbose parsed url   path: '~1.0.1',
30 verbose parsed url   href: '~1.0.1' }
31 verbose addNamed [ 'body-parser', '~1.0.1' ]
32 verbose addNamed [ null, '>=1.0.1-0 <1.1.0-0' ]
33 silly lockFile 9dcfb469-express-4-0-0 express@~4.0.0
34 verbose lock express@~4.0.0 /home/muneer/.npm/9dcfb469-express-4-0-0.lock
35 silly lockFile 146b604b-mongoose-3-6-13 mongoose@~3.6.13
36 verbose lock mongoose@~3.6.13 /home/muneer/.npm/146b604b-mongoose-3-6-13.lock
37 silly lockFile ed7f1d4f-body-parser-1-0-1 body-parser@~1.0.1
38 verbose lock body-parser@~1.0.1 /home/muneer/.npm/ed7f1d4f-body-parser-1-0-1.lock
39 silly addNameRange { name: 'express', range: '>=4.0.0-0 <4.1.0-0', hasData: false }
40 silly addNameRange { name: 'mongoose',
40 silly addNameRange   range: '>=3.6.13-0 <3.7.0-0',
40 silly addNameRange   hasData: false }
41 silly addNameRange { name: 'body-parser',
41 silly addNameRange   range: '>=1.0.1-0 <1.1.0-0',
41 silly addNameRange   hasData: false }
42 verbose request where is /express
43 verbose request registry https://registry.npmjs.org/
44 verbose request id 3c455be87bbcb618
45 verbose url raw /express
46 verbose url resolving [ 'https://registry.npmjs.org/', './express' ]
47 verbose url resolved https://registry.npmjs.org/express
48 verbose request where is https://registry.npmjs.org/express
49 info trying registry request attempt 1 at 18:38:59
50 verbose etag "8DSP5M0PY0JCUE1VSPFFP4PDG"
51 http GET https://registry.npmjs.org/express
52 verbose request where is /body-parser
53 verbose request registry https://registry.npmjs.org/
54 verbose url raw /body-parser
55 verbose url resolving [ 'https://registry.npmjs.org/', './body-parser' ]
56 verbose url resolved https://registry.npmjs.org/body-parser
57 verbose request where is https://registry.npmjs.org/body-parser
58 info trying registry request attempt 1 at 18:38:59
59 verbose etag "8A7E10POVQT9SV1947QS5JVP9"
60 http GET https://registry.npmjs.org/body-parser
61 verbose request where is /mongoose
62 verbose request registry https://registry.npmjs.org/
63 verbose url raw /mongoose
64 verbose url resolving [ 'https://registry.npmjs.org/', './mongoose' ]
65 verbose url resolved https://registry.npmjs.org/mongoose
66 verbose request where is https://registry.npmjs.org/mongoose
67 info trying registry request attempt 1 at 18:38:59
68 verbose etag "70EOEYXF51I8XQVKLQC032AUY"
69 http GET https://registry.npmjs.org/mongoose
70 http 304 https://registry.npmjs.org/body-parser
71 silly registry.get cb [ 304,
71 silly registry.get   { date: 'Sat, 09 May 2015 13:09:00 GMT',
71 silly registry.get     via: '1.1 varnish',
71 silly registry.get     'last-modified': 'Sat, 09 May 2015 13:09:00 GMT',
71 silly registry.get     'cache-control': 'max-age=60',
71 silly registry.get     etag: '"8A7E10POVQT9SV1947QS5JVP9"',
71 silly registry.get     age: '48',
71 silly registry.get     connection: 'keep-alive',
71 silly registry.get     'x-served-by': 'cache-fra1241-FRA',
71 silly registry.get     'x-cache': 'HIT',
71 silly registry.get     'x-cache-hits': '1',
71 silly registry.get     'x-timer': 'S1431176940.598392,VS0,VE0',
71 silly registry.get     vary: 'Accept' } ]
72 verbose etag https://registry.npmjs.org/body-parser from cache
73 silly addNameRange number 2 { name: 'body-parser',
73 silly addNameRange   range: '>=1.0.1-0 <1.1.0-0',
73 silly addNameRange   hasData: true }
74 silly addNameRange versions [ 'body-parser',
74 silly addNameRange   [ '1.0.0',
74 silly addNameRange     '1.0.1',
74 silly addNameRange     '1.0.2',
74 silly addNameRange     '1.1.0',
74 silly addNameRange     '1.1.1',
74 silly addNameRange     '1.1.2',
74 silly addNameRange     '1.2.0',
74 silly addNameRange     '1.2.1',
74 silly addNameRange     '1.2.2',
74 silly addNameRange     '1.3.0',
74 silly addNameRange     '1.3.1',
74 silly addNameRange     '1.4.0',
74 silly addNameRange     '1.4.1',
74 silly addNameRange     '1.4.2',
74 silly addNameRange     '1.4.3',
74 silly addNameRange     '1.5.0',
74 silly addNameRange     '1.5.1',
74 silly addNameRange     '1.5.2',
74 silly addNameRange     '1.6.0',
74 silly addNameRange     '1.6.1',
74 silly addNameRange     '1.6.2',
74 silly addNameRange     '1.6.3',
74 silly addNameRange     '1.6.4',
74 silly addNameRange     '1.6.5',
74 silly addNameRange     '1.6.6',
74 silly addNameRange     '1.6.7',
74 silly addNameRange     '1.7.0',
74 silly addNameRange     '1.8.0',
74 silly addNameRange     '1.8.1',
74 silly addNameRange     '1.8.2',
74 silly addNameRange     '1.8.3',
74 silly addNameRange     '1.8.4',
74 silly addNameRange     '1.9.0',
74 silly addNameRange     '1.9.1',
74 silly addNameRange     '1.9.2',
74 silly addNameRange     '1.9.3',
74 silly addNameRange     '1.10.0',
74 silly addNameRange     '1.10.1',
74 silly addNameRange     '1.10.2',
74 silly addNameRange     '1.11.0',
74 silly addNameRange     '1.12.0',
74 silly addNameRange     '1.12.1',
74 silly addNameRange     '1.12.2',
74 silly addNameRange     '1.12.3' ] ]
75 verbose addNamed [ 'body-parser', '1.0.2' ]
76 verbose addNamed [ '1.0.2', '1.0.2' ]
77 silly lockFile bc6ccf3b-body-parser-1-0-2 body-parser@1.0.2
78 verbose lock body-parser@1.0.2 /home/muneer/.npm/bc6ccf3b-body-parser-1-0-2.lock
79 silly lockFile bc6ccf3b-body-parser-1-0-2 body-parser@1.0.2
80 silly lockFile bc6ccf3b-body-parser-1-0-2 body-parser@1.0.2
81 silly lockFile ed7f1d4f-body-parser-1-0-1 body-parser@~1.0.1
82 silly lockFile ed7f1d4f-body-parser-1-0-1 body-parser@~1.0.1
83 http 304 https://registry.npmjs.org/mongoose
84 silly registry.get cb [ 304,
84 silly registry.get   { date: 'Sat, 09 May 2015 13:09:00 GMT',
84 silly registry.get     via: '1.1 varnish',
84 silly registry.get     'last-modified': 'Sat, 09 May 2015 13:08:46 GMT',
84 silly registry.get     'cache-control': 'max-age=60',
84 silly registry.get     etag: '"70EOEYXF51I8XQVKLQC032AUY"',
84 silly registry.get     age: '14',
84 silly registry.get     connection: 'keep-alive',
84 silly registry.get     'x-served-by': 'cache-fra1220-FRA',
84 silly registry.get     'x-cache': 'HIT',
84 silly registry.get     'x-cache-hits': '2',
84 silly registry.get     'x-timer': 'S1431176940.635266,VS0,VE0',
84 silly registry.get     vary: 'Accept' } ]
85 verbose etag https://registry.npmjs.org/mongoose from cache
86 silly addNameRange number 2 { name: 'mongoose', range: '>=3.6.13-0 <3.7.0-0', hasData: true }
87 silly addNameRange versions [ 'mongoose',
87 silly addNameRange   [ '0.0.1',
87 silly addNameRange     '0.0.2',
87 silly addNameRange     '0.0.3',
87 silly addNameRange     '0.0.4',
87 silly addNameRange     '0.0.5',
87 silly addNameRange     '1.0.0',
87 silly addNameRange     '1.0.1',
87 silly addNameRange     '1.0.2',
87 silly addNameRange     '0.0.6',
87 silly addNameRange     '1.0.3',
87 silly addNameRange     '1.0.4',
87 silly addNameRange     '1.0.5',
87 silly addNameRange     '1.0.6',
87 silly addNameRange     '1.0.7',
87 silly addNameRange     '1.0.8',
87 silly addNameRange     '1.0.10',
87 silly addNameRange     '1.0.11',
87 silly addNameRange     '1.0.12',
87 silly addNameRange     '1.0.13',
87 silly addNameRange     '1.0.14',
87 silly addNameRange     '1.0.15',
87 silly addNameRange     '1.0.16',
87 silly addNameRange     '1.1.0',
87 silly addNameRange     '1.1.1',
87 silly addNameRange     '1.1.2',
87 silly addNameRange     '1.1.3',
87 silly addNameRange     '1.1.4',
87 silly addNameRange     '1.1.5',
87 silly addNameRange     '1.1.6',
87 silly addNameRange     '1.1.7',
87 silly addNameRange     '1.1.8',
87 silly addNameRange     '1.1.9',
87 silly addNameRange     '1.1.10',
87 silly addNameRange     '1.1.11',
87 silly addNameRange     '1.1.12',
87 silly addNameRange     '1.1.13',
87 silly addNameRange     '1.1.14',
87 silly addNameRange     '1.1.15',
87 silly addNameRange     '1.1.16',
87 silly addNameRange     '1.1.17',
87 silly addNameRange     '1.1.18',
87 silly addNameRange     '1.1.19',
87 silly addNameRange     '1.1.20',
87 silly addNameRange     '1.1.21',
87 silly addNameRange     '1.1.22',
87 silly addNameRange     '1.1.23',
87 silly addNameRange     '1.1.24',
87 silly addNameRange     '1.1.25',
87 silly addNameRange     '1.2.0',
87 silly addNameRange     '1.3.0',
87 silly addNameRange     '1.3.1',
87 silly addNameRange     '1.3.2',
87 silly addNameRange     '1.3.3',
87 silly addNameRange     '1.3.4',
87 silly addNameRange     '1.3.5',
87 silly addNameRange     '1.3.6',
87 silly addNameRange     '1.3.7',
87 silly addNameRange     '1.4.0',
87 silly addNameRange     '1.5.0',
87 silly addNameRange     '1.6.0',
87 silly addNameRange     '1.7.2',
87 silly addNameRange     '1.7.3',
87 silly addNameRange     '1.7.4',
87 silly addNameRange     '1.8.0',
87 silly addNameRange     '1.8.1',
87 silly addNameRange     '1.8.2',
87 silly addNameRange     '1.8.3',
87 silly addNameRange     '1.8.4',
87 silly addNameRange     '2.0.0',
87 silly addNameRange     '2.0.1',
87 silly addNameRange     '2.0.2',
87 silly addNameRange     '2.0.3',
87 silly addNameRange     '2.0.4',
87 silly addNameRange     '2.1.0',
87 silly addNameRange     '2.1.1',
87 silly addNameRange     '2.1.2',
87 silly addNameRange     '2.1.3',
87 silly addNameRange     '2.1.4',
87 silly addNameRange     '2.2.0',
87 silly addNameRange     '2.2.1',
87 silly addNameRange     '2.2.2',
87 silly addNameRange     '2.2.3',
87 silly addNameRange     '2.2.4',
87 silly addNameRange     '2.3.0',
87 silly addNameRange     '2.3.1',
87 silly addNameRange     '2.3.2',
87 silly addNameRange     '2.3.3',
87 silly addNameRange     '2.3.4',
87 silly addNameRange     '2.3.5',
87 silly addNameRange     '2.3.6',
87 silly addNameRange     '2.3.7',
87 silly addNameRange     '2.3.8',
87 silly addNameRange     '2.3.9',
87 silly addNameRange     '2.3.10',
87 silly addNameRange     '2.3.11',
87 silly addNameRange     '2.3.12',
87 silly addNameRange     '2.3.13',
87 silly addNameRange     '2.4.0',
87 silly addNameRange     '2.4.1',
87 silly addNameRange     '2.4.2',
87 silly addNameRange     '2.4.3',
87 silly addNameRange     '2.4.4',
87 silly addNameRange     '2.4.5',
87 silly addNameRange     '2.4.6',
87 silly addNameRange     '2.4.7',
87 silly addNameRange     '2.4.8',
87 silly addNameRange     '2.4.9',
87 silly addNameRange     '2.4.10',
87 silly addNameRange     '2.5.0',
87 silly addNameRange     '2.5.1',
87 silly addNameRange     '2.5.2',
87 silly addNameRange     '2.5.3',
87 silly addNameRange     '2.5.4',
87 silly addNameRange     '2.5.5',
87 silly addNameRange     '2.5.6',
87 silly addNameRange     '2.5.7',
87 silly addNameRange     '2.5.8',
87 silly addNameRange     '2.5.9',
87 silly addNameRange     '2.5.10',
87 silly addNameRange     '2.5.11',
87 silly addNameRange     '2.5.12',
87 silly addNameRange     '2.5.13',
87 silly addNameRange     '2.5.14',
87 silly addNameRange     '2.6.0',
87 silly addNameRange     '2.6.1',
87 silly addNameRange     '2.6.2',
87 silly addNameRange     '2.6.3',
87 silly addNameRange     '2.6.4',
87 silly addNameRange     '2.6.5',
87 silly addNameRange     '2.6.6',
87 silly addNameRange     '2.6.7',
87 silly addNameRange     '2.6.8',
87 silly addNameRange     '2.7.0',
87 silly addNameRange     '2.7.1',
87 silly addNameRange     '2.7.2',
87 silly addNameRange     '2.7.4',
87 silly addNameRange     '2.7.3',
87 silly addNameRange     '3.0.0',
87 silly addNameRange     '3.0.1',
87 silly addNameRange     '3.0.2',
87 silly addNameRange     '2.8.0',
87 silly addNameRange     '3.0.3',
87 silly addNameRange     '3.1.0',
87 silly addNameRange     '2.8.1',
87 silly addNameRange     '3.1.1',
87 silly addNameRange     '2.8.2',
87 silly addNameRange     '2.8.3',
87 silly addNameRange     '2.9.0',
87 silly addNameRange     '3.2.0',
87 silly addNameRange     '2.9.1',
87 silly addNameRange     '3.2.1',
87 silly addNameRange     '2.9.2',
87 silly addNameRange     '3.2.2',
87 silly addNameRange     '3.3.0',
87 silly addNameRange     '3.3.1',
87 silly addNameRange     '2.9.3',
87 silly addNameRange     '3.4.0',
87 silly addNameRange     '2.9.4',
87 silly addNameRange     '2.9.5',
87 silly addNameRange     '3.5.0',
87 silly addNameRange     '3.5.1',
87 silly addNameRange     '3.5.2',
87 silly addNameRange     '3.5.3',
87 silly addNameRange     '2.9.6',
87 silly addNameRange     '2.9.7',
87 silly addNameRange     '3.5.4',
87 silly addNameRange     '3.5.5',
87 silly addNameRange     '2.9.8',
87 silly addNameRange     '2.9.9',
87 silly addNameRange     '3.5.6',
87 silly addNameRange     '3.5.7',
87 silly addNameRange     '3.5.8',
87 silly addNameRange     '2.9.10',
87 silly addNameRange     '3.5.9',
87 silly addNameRange     '3.6.2',
87 silly addNameRange     '3.5.10',
87 silly addNameRange     '3.6.3',
87 silly addNameRange     '3.5.11',
87 silly addNameRange     '3.6.4',
87 silly addNameRange     '3.6.5',
87 silly addNameRange     '3.6.6',
87 silly addNameRange     '3.6.7',
87 silly addNameRange     '3.5.12',
87 silly addNameRange     '3.6.8',
87 silly addNameRange     '3.6.9',
87 silly addNameRange     '3.6.10',
87 silly addNameRange     '3.5.13',
87 silly addNameRange     '3.5.14',
87 silly addNameRange     '3.6.11',
87 silly addNameRange     '3.6.12',
87 silly addNameRange     '3.6.13',
87 silly addNameRange     '3.6.14',
87 silly addNameRange     '3.6.15',
87 silly addNameRange     '3.5.15',
87 silly addNameRange     '3.7.0',
87 silly addNameRange     '3.6.16',
87 silly addNameRange     '3.5.16',
87 silly addNameRange     '3.6.17',
87 silly addNameRange     '3.7.2',
87 silly addNameRange     '3.0.0-alpha1',
87 silly addNameRange     '3.0.0-alpha2',
87 silly addNameRange     '3.0.0-rc0',
87 silly addNameRange     '3.6.0-rc0',
87 silly addNameRange     '3.6.0-rc1',
87 silly addNameRange     '3.6.18',
87 silly addNameRange     '3.7.3',
87 silly addNameRange     '3.6.19',
87 silly addNameRange     '3.6.20',
87 silly addNameRange     '3.7.4',
87 silly addNameRange     '3.8.0',
87 silly addNameRange     '3.8.1',
87 silly addNameRange     '3.8.2',
87 silly addNameRange     '3.8.3',
87 silly addNameRange     '3.8.4',
87 silly addNameRange     '3.8.5',
87 silly addNameRange     '3.8.6',
87 silly addNameRange     '3.8.7',
87 silly addNameRange     '3.8.8',
87 silly addNameRange     '3.8.9',
87 silly addNameRange     '3.8.10',
87 silly addNameRange     '3.8.11',
87 silly addNameRange     '3.9.0',
87 silly addNameRange     '3.8.12',
87 silly addNameRange     '3.8.13',
87 silly addNameRange     '3.8.14',
87 silly addNameRange     '3.8.15',
87 silly addNameRange     '3.9.1',
87 silly addNameRange     '3.8.16',
87 silly addNameRange     '3.9.2',
87 silly addNameRange     '3.8.17',
87 silly addNameRange     '3.9.3',
87 silly addNameRange     '3.8.18',
87 silly addNameRange     '3.9.4',
87 silly addNameRange     '3.8.19',
87 silly addNameRange     '3.9.5',
87 silly addNameRange     '3.8.20',
87 silly addNameRange     '3.9.6',
87 silly addNameRange     '3.8.21',
87 silly addNameRange     '3.9.7',
87 silly addNameRange     '3.8.22',
87 silly addNameRange     '4.0.0-rc0',
87 silly addNameRange     '4.0.0-rc1',
87 silly addNameRange     '3.8.23',
87 silly addNameRange     '4.0.0-rc2',
87 silly addNameRange     '3.8.24',
87 silly addNameRange     '4.0.0-rc3',
87 silly addNameRange     '3.8.25',
87 silly addNameRange     '4.0.0-rc4',
87 silly addNameRange     '4.0.0',
87 silly addNameRange     '4.0.1',
87 silly addNameRange     '3.8.26',
87 silly addNameRange     '3.8.27',
87 silly addNameRange     '4.0.2' ] ]
88 verbose addNamed [ 'mongoose', '3.6.20' ]
89 verbose addNamed [ '3.6.20', '3.6.20' ]
90 silly lockFile 9e27220e-mongoose-3-6-20 mongoose@3.6.20
91 verbose lock mongoose@3.6.20 /home/muneer/.npm/9e27220e-mongoose-3-6-20.lock
92 silly lockFile 8045d0d6-org-mongoose-mongoose-3-6-20-tgz https://registry.npmjs.org/mongoose/-/mongoose-3.6.20.tgz
93 verbose lock https://registry.npmjs.org/mongoose/-/mongoose-3.6.20.tgz /home/muneer/.npm/8045d0d6-org-mongoose-mongoose-3-6-20-tgz.lock
94 verbose addRemoteTarball [ 'https://registry.npmjs.org/mongoose/-/mongoose-3.6.20.tgz',
94 verbose addRemoteTarball   '47263843e6b812ea207eec104c40a36c8d215f53' ]
95 info retry fetch attempt 1 at 18:39:00
96 verbose fetch to= /tmp/npm-21360-8r35Egx4/registry.npmjs.org/mongoose/-/mongoose-3.6.20.tgz
97 http GET https://registry.npmjs.org/mongoose/-/mongoose-3.6.20.tgz
98 http 304 https://registry.npmjs.org/express
99 silly registry.get cb [ 304,
99 silly registry.get   { date: 'Sat, 09 May 2015 13:09:00 GMT',
99 silly registry.get     via: '1.1 varnish',
99 silly registry.get     'cache-control': 'max-age=60',
99 silly registry.get     etag: '"8DSP5M0PY0JCUE1VSPFFP4PDG"',
99 silly registry.get     age: '58',
99 silly registry.get     connection: 'keep-alive',
99 silly registry.get     'x-served-by': 'cache-lax1432-LAX',
99 silly registry.get     'x-cache': 'HIT',
99 silly registry.get     'x-cache-hits': '1',
99 silly registry.get     'x-timer': 'S1431176940.965818,VS0,VE2',
99 silly registry.get     vary: 'Accept' } ]
100 verbose etag https://registry.npmjs.org/express from cache
101 silly addNameRange number 2 { name: 'express', range: '>=4.0.0-0 <4.1.0-0', hasData: true }
102 silly addNameRange versions [ 'express',
102 silly addNameRange   [ '0.14.0',
102 silly addNameRange     '0.14.1',
102 silly addNameRange     '1.0.0',
102 silly addNameRange     '1.0.1',
102 silly addNameRange     '1.0.2',
102 silly addNameRange     '1.0.3',
102 silly addNameRange     '1.0.4',
102 silly addNameRange     '1.0.5',
102 silly addNameRange     '1.0.6',
102 silly addNameRange     '1.0.7',
102 silly addNameRange     '1.0.8',
102 silly addNameRange     '2.0.0',
102 silly addNameRange     '2.1.0',
102 silly addNameRange     '2.1.1',
102 silly addNameRange     '2.2.0',
102 silly addNameRange     '2.2.1',
102 silly addNameRange     '2.2.2',
102 silly addNameRange     '2.3.0',
102 silly addNameRange     '2.3.1',
102 silly addNameRange     '2.3.2',
102 silly addNameRange     '2.3.3',
102 silly addNameRange     '2.3.4',
102 silly addNameRange     '2.3.5',
102 silly addNameRange     '2.3.6',
102 silly addNameRange     '2.3.7',
102 silly addNameRange     '2.3.8',
102 silly addNameRange     '2.3.9',
102 silly addNameRange     '2.3.10',
102 silly addNameRange     '2.3.11',
102 silly addNameRange     '2.3.12',
102 silly addNameRange     '2.4.0',
102 silly addNameRange     '2.4.1',
102 silly addNameRange     '2.4.2',
102 silly addNameRange     '2.4.3',
102 silly addNameRange     '2.4.4',
102 silly addNameRange     '2.4.5',
102 silly addNameRange     '2.4.6',
102 silly addNameRange     '2.4.7',
102 silly addNameRange     '2.5.0',
102 silly addNameRange     '2.5.1',
102 silly addNameRange     '2.5.2',
102 silly addNameRange     '2.5.3',
102 silly addNameRange     '2.5.4',
102 silly addNameRange     '2.5.5',
102 silly addNameRange     '2.5.6',
102 silly addNameRange     '2.5.7',
102 silly addNameRange     '2.5.8',
102 silly addNameRange     '2.5.9',
102 silly addNameRange     '2.5.10',
102 silly addNameRange     '2.5.11',
102 silly addNameRange     '3.0.0',
102 silly addNameRange     '3.0.1',
102 silly addNameRange     '3.0.2',
102 silly addNameRange     '3.0.3',
102 silly addNameRange     '3.0.4',
102 silly addNameRange     '3.0.5',
102 silly addNameRange     '3.0.6',
102 silly addNameRange     '3.1.0',
102 silly addNameRange     '3.1.1',
102 silly addNameRange     '3.1.2',
102 silly addNameRange     '3.2.0',
102 silly addNameRange     '3.2.1',
102 silly addNameRange     '3.2.2',
102 silly addNameRange     '3.2.3',
102 silly addNameRange     '3.2.4',
102 silly addNameRange     '3.2.5',
102 silly addNameRange     '3.2.6',
102 silly addNameRange     '3.3.0',
102 silly addNameRange     '3.3.1',
102 silly addNameRange     '3.3.2',
102 silly addNameRange     '3.3.3',
102 silly addNameRange     '3.3.4',
102 silly addNameRange     '3.3.5',
102 silly addNameRange     '3.3.6',
102 silly addNameRange     '1.0.0-beta',
102 silly addNameRange     '1.0.0-beta2',
102 silly addNameRange     '1.0.0-rc',
102 silly addNameRange     '1.0.0-rc2',
102 silly addNameRange     '1.0.0-rc3',
102 silly addNameRange     '1.0.0-rc4',
102 silly addNameRange     '2.0.0-beta',
102 silly addNameRange     '2.0.0-beta2',
102 silly addNameRange     '2.0.0-beta3',
102 silly addNameRange     '2.0.0-rc',
102 silly addNameRange     '2.0.0-rc2',
102 silly addNameRange     '2.0.0-rc3',
102 silly addNameRange     '3.0.0-alpha1',
102 silly addNameRange     '3.0.0-alpha2',
102 silly addNameRange     '3.0.0-alpha3',
102 silly addNameRange     '3.0.0-alpha4',
102 silly addNameRange     '3.0.0-alpha5',
102 silly addNameRange     '3.0.0-beta1',
102 silly addNameRange     '3.0.0-beta2',
102 silly addNameRange     '3.0.0-beta3',
102 silly addNameRange     '3.0.0-beta4',
102 silly addNameRange     '3.0.0-beta6',
102 silly addNameRange     '3.0.0-beta7',
102 silly addNameRange     '3.0.0-rc1',
102 silly addNameRange     '3.0.0-rc2',
102 silly addNameRange     '3.0.0-rc3',
102 silly addNameRange     '3.0.0-rc4',
102 silly addNameRange     '3.0.0-rc5',
102 silly addNameRange     '3.3.7',
102 silly addNameRange     '3.3.8',
102 silly addNameRange     '3.4.0',
102 silly addNameRange     '3.4.1',
102 silly addNameRange     '3.4.2',
102 silly addNameRange     '3.4.3',
102 silly addNameRange     '3.4.4',
102 silly addNameRange     '3.4.5',
102 silly addNameRange     '3.4.6',
102 silly addNameRange     '3.4.7',
102 silly addNameRange     '3.4.8',
102 silly addNameRange     '4.0.0-rc1',
102 silly addNameRange     '4.0.0-rc2',
102 silly addNameRange     '3.5.0',
102 silly addNameRange     '4.0.0-rc3',
102 silly addNameRange     '4.0.0-rc4',
102 silly addNameRange     '3.5.1',
102 silly addNameRange     '4.0.0',
102 silly addNameRange     '3.5.2',
102 silly addNameRange     '4.1.0',
102 silly addNameRange     '4.1.1',
102 silly addNameRange     '3.5.3',
102 silly addNameRange     '4.1.2',
102 silly addNameRange     '3.6.0',
102 silly addNameRange     '4.2.0',
102 silly addNameRange     '3.7.0',
102 silly addNameRange     '3.8.0',
102 silly addNameRange     '4.3.0',
102 silly addNameRange     '4.3.1',
102 silly addNameRange     '3.8.1',
102 silly addNameRange     '4.3.2',
102 silly addNameRange     '3.9.0',
102 silly addNameRange     '4.4.0',
102 silly addNameRange     '4.4.1',
102 silly addNameRange     '3.10.0',
102 silly addNameRange     '3.10.1',
102 silly addNameRange     '3.10.2',
102 silly addNameRange     '3.10.3',
102 silly addNameRange     '3.10.4',
102 silly addNameRange     '4.4.2',
102 silly addNameRange     '3.10.5',
102 silly addNameRange     '4.4.3',
102 silly addNameRange     '3.11.0',
102 silly addNameRange     '4.4.4',
102 silly addNameRange     '3.12.0',
102 silly addNameRange     '3.12.1',
102 silly addNameRange     '4.4.5',
102 silly addNameRange     '3.13.0',
102 silly addNameRange     '4.5.0',
102 silly addNameRange     '4.5.1',
102 silly addNameRange     '3.14.0',
102 silly addNameRange     '4.6.0',
102 silly addNameRange     '4.6.1',
102 silly addNameRange     '3.15.0',
102 silly addNameRange     '4.7.0',
102 silly addNameRange     '3.15.1',
102 silly addNameRange     '4.7.1',
102 silly addNameRange     '3.15.2',
102 silly addNameRange     '4.7.2',
102 silly addNameRange     '4.7.3',
102 silly addNameRange     '3.15.3',
102 silly addNameRange     '4.7.4',
102 silly addNameRange     '3.16.0',
102 silly addNameRange     '4.8.0',
102 silly addNameRange     '3.16.1',
102 silly addNameRange     '4.8.1',
102 silly addNameRange     '3.16.2',
102 silly addNameRange     '4.8.2',
102 silly addNameRange     '3.16.3',
102 silly addNameRange     '3.16.4',
102 silly addNameRange     '4.8.3',
102 silly addNameRange     '3.16.5',
102 silly addNameRange     '3.16.6',
102 silly addNameRange     '4.8.4',
102 silly addNameRange     '3.16.7',
102 silly addNameRange     '4.8.5',
102 silly addNameRange     '3.16.8',
102 silly addNameRange     '4.8.6',
102 silly addNameRange     '3.16.9',
102 silly addNameRange     '4.8.7',
102 silly addNameRange     '3.16.10',
102 silly addNameRange     '4.8.8',
102 silly addNameRange     '3.17.0',
102 silly addNameRange     '3.17.1',
102 silly addNameRange     '4.9.0',
102 silly addNameRange     '3.17.2',
102 silly addNameRange     '4.9.1',
102 silly addNameRange     '4.9.2',
102 silly addNameRange     '3.17.3',
102 silly addNameRange     '4.9.3',
102 silly addNameRange     '3.17.4',
102 silly addNameRange     '4.9.4',
102 silly addNameRange     '3.17.5',
102 silly addNameRange     '4.9.5',
102 silly addNameRange     '3.17.6',
102 silly addNameRange     '3.17.7',
102 silly addNameRange     '4.9.6',
102 silly addNameRange     '4.9.7',
102 silly addNameRange     '3.17.8',
102 silly addNameRange     '4.9.8',
102 silly addNameRange     '3.18.0',
102 silly addNameRange     '3.18.1',
102 silly addNameRange     '4.10.0',
102 silly addNameRange     '3.18.2',
102 silly addNameRange     '4.10.1',
102 silly addNameRange     '5.0.0-alpha.1',
102 silly addNameRange     '3.18.3',
102 silly addNameRange     '4.10.2',
102 silly addNameRange     '3.18.4',
102 silly addNameRange     '4.10.3',
102 silly addNameRange     '4.10.4',
102 silly addNameRange     '4.10.5',
102 silly addNameRange     '3.18.5',
102 silly addNameRange     '3.18.6',
102 silly addNameRange     '4.10.6',
102 silly addNameRange     '4.10.7',
102 silly addNameRange     '3.19.0',
102 silly addNameRange     '4.10.8',
102 silly addNameRange     '4.11.0',
102 silly addNameRange     '3.19.1',
102 silly addNameRange     '4.11.1',
102 silly addNameRange     '3.19.2',
102 silly addNameRange     '4.11.2',
102 silly addNameRange     '3.20.0',
102 silly addNameRange     '4.12.0',
102 silly addNameRange     '3.20.1',
102 silly addNameRange     '4.12.1',
102 silly addNameRange     '4.12.2',
102 silly addNameRange     '3.20.2',
102 silly addNameRange     '4.12.3' ] ]
103 verbose addNamed [ 'express', '4.0.0' ]
104 verbose addNamed [ '4.0.0', '4.0.0' ]
105 silly lockFile 5b69df19-express-4-0-0 express@4.0.0
106 verbose lock express@4.0.0 /home/muneer/.npm/5b69df19-express-4-0-0.lock
107 silly lockFile 5b69df19-express-4-0-0 express@4.0.0
108 silly lockFile 5b69df19-express-4-0-0 express@4.0.0
109 silly lockFile 9dcfb469-express-4-0-0 express@~4.0.0
110 silly lockFile 9dcfb469-express-4-0-0 express@~4.0.0
111 http 200 https://registry.npmjs.org/mongoose/-/mongoose-3.6.20.tgz
112 silly lockFile 8045d0d6-org-mongoose-mongoose-3-6-20-tgz https://registry.npmjs.org/mongoose/-/mongoose-3.6.20.tgz
113 silly lockFile 8045d0d6-org-mongoose-mongoose-3-6-20-tgz https://registry.npmjs.org/mongoose/-/mongoose-3.6.20.tgz
114 silly lockFile 9e27220e-mongoose-3-6-20 mongoose@3.6.20
115 silly lockFile 9e27220e-mongoose-3-6-20 mongoose@3.6.20
116 silly lockFile 146b604b-mongoose-3-6-13 mongoose@~3.6.13
117 silly lockFile 146b604b-mongoose-3-6-13 mongoose@~3.6.13
118 error Error: EACCES, mkdir '/home/muneer/.npm/mongoose/3.6.20'
118 error  { [Error: EACCES, mkdir '/home/muneer/.npm/mongoose/3.6.20']
118 error   errno: 3,
118 error   code: 'EACCES',
118 error   path: '/home/muneer/.npm/mongoose/3.6.20',
118 error   parent: 'loki-api' }
119 error Please try running this command again as root/Administrator.
120 error System Linux 3.5.0-54-generic
121 error command "/usr/bin/node" "/usr/bin/npm" "install"
122 error cwd /home/muneer/code/savethehacker/lokiapp
123 error node -v v0.10.32
124 error npm -v 1.4.28
125 error path /home/muneer/.npm/mongoose/3.6.20
126 error code EACCES
127 error errno 3
128 error stack Error: EACCES, mkdir '/home/muneer/.npm/mongoose/3.6.20'
129 verbose exit [ 3, true ]
